#
# There is insufficient memory for the Java Runtime Environment to continue.
# Native memory allocation (malloc) failed to allocate 796976 bytes for Chunk::new
# Possible reasons:
#   The system is out of physical RAM or swap space
#   The process is running with CompressedOops enabled, and the Java Heap may be blocking the growth of the native heap
# Possible solutions:
#   Reduce memory load on the system
#   Increase physical memory or swap space
#   Check if swap backing store is full
#   Decrease Java heap size (-Xmx/-Xms)
#   Decrease number of Java threads
#   Decrease Java thread stack sizes (-Xss)
#   Set larger code cache with -XX:ReservedCodeCacheSize=
#   JVM is running with Unscaled Compressed Oops mode in which the Java heap is
#     placed in the first 4GB address space. The Java Heap base address is the
#     maximum limit for the native heap growth. Please use -XX:HeapBaseMinAddress
#     to set the Java Heap base and to place the Java Heap above 4GB virtual address.
# This output file may be truncated or incomplete.
#
#  Out of Memory Error (./src/hotspot/share/memory/arena.cpp:197), pid=11532, tid=12188
#
# JRE version: OpenJDK Runtime Environment (11.0.10) (build 11.0.10+0-b96-7249189)
# Java VM: OpenJDK 64-Bit Server VM (11.0.10+0-b96-7249189, mixed mode, tiered, compressed oops, g1 gc, windows-amd64)
# No core dump will be written. Minidumps are not enabled by default on client versions of Windows
#

---------------  S U M M A R Y ------------

Command Line: --add-opens=java.base/java.util=ALL-UNNAMED --add-opens=java.base/java.lang=ALL-UNNAMED --add-opens=java.base/java.lang.invoke=ALL-UNNAMED --add-opens=java.base/java.util=ALL-UNNAMED --add-opens=java.prefs/java.util.prefs=ALL-UNNAMED --add-opens=java.prefs/java.util.prefs=ALL-UNNAMED --add-opens=java.base/java.nio.charset=ALL-UNNAMED --add-opens=java.base/java.net=ALL-UNNAMED --add-opens=java.base/java.util.concurrent.atomic=ALL-UNNAMED -Xmx2048m -Dfile.encoding=UTF-8 -Duser.country=US -Duser.language=en -Duser.variant org.gradle.launcher.daemon.bootstrap.GradleDaemon 7.0.2

Host: Intel(R) Core(TM) i5-4300U CPU @ 1.90GHz, 4 cores, 7G,  Windows 10 , 64 bit Build 19041 (10.0.19041.1202)
Time: Wed Oct 20 11:45:04 2021 India Standard Time elapsed time: 42.440805 seconds (0d 0h 0m 42s)

---------------  T H R E A D  ---------------

Current thread (0x000002261faa0800):  JavaThread "C2 CompilerThread0" daemon [_thread_in_native, id=12188, stack(0x000000d056300000,0x000000d056400000)]


Current CompileTask:
C2:  42440 7868       4       org.gradle.internal.serialize.kryo.StringDeduplicatingKryoBackedEncoder::writeNullableString (114 bytes)

Stack: [0x000000d056300000,0x000000d056400000]
Native frames: (J=compiled Java code, j=interpreted, Vv=VM code, C=native code)
V  [jvm.dll+0x5ecfaa]
V  [jvm.dll+0x722bd5]
V  [jvm.dll+0x72412d]
V  [jvm.dll+0x7247e3]
V  [jvm.dll+0x242928]
V  [jvm.dll+0xbc4fc]
V  [jvm.dll+0xbca0c]
V  [jvm.dll+0x352d7d]
V  [jvm.dll+0x320ad3]
V  [jvm.dll+0x31ffca]
V  [jvm.dll+0x1fb602]
V  [jvm.dll+0x1fa7f4]
V  [jvm.dll+0x18354c]
V  [jvm.dll+0x208ee7]
V  [jvm.dll+0x207731]
V  [jvm.dll+0x6eb1cf]
V  [jvm.dll+0x6e3d45]
V  [jvm.dll+0x5ebe96]
C  [ucrtbase.dll+0x21bb2]
C  [KERNEL32.DLL+0x17034]
C  [ntdll.dll+0x52651]


---------------  P R O C E S S  ---------------

Threads class SMR info:
_java_thread_list=0x0000022626977dc0, length=47, elements={
0x0000022603f9c000, 0x000002261fa7d800, 0x000002261fa7f800, 0x000002261fa96800,
0x000002261fa98800, 0x000002261fa9b000, 0x000002261faa0800, 0x000002261faa5800,
0x000002261faa9000, 0x0000022620549800, 0x00000226227e7800, 0x0000022621381000,
0x0000022623dff800, 0x00000226222ec800, 0x0000022622f4f000, 0x0000022621f01800,
0x00000226214bf800, 0x0000022622a46000, 0x0000022622795000, 0x000002262043c800,
0x0000022620443000, 0x000002262043f800, 0x0000022620441000, 0x000002262043e000,
0x000002262043d000, 0x0000022620440800, 0x000002262043e800, 0x0000022620442000,
0x0000022624149800, 0x000002262414c000, 0x000002262414a800, 0x000002262414d000,
0x000002262414d800, 0x0000022624151800, 0x0000022624150000, 0x000002262414f000,
0x0000022624154000, 0x000002262414e800, 0x0000022624155000, 0x0000022624152800,
0x0000022624153800, 0x0000022624156000, 0x0000022624156800, 0x000002262696f000,
0x000002262696e000, 0x0000022626970800, 0x000002262696b000
}

Java Threads: ( => current thread )
  0x0000022603f9c000 JavaThread "main" [_thread_blocked, id=4596, stack(0x000000d055700000,0x000000d055800000)]
  0x000002261fa7d800 JavaThread "Reference Handler" daemon [_thread_blocked, id=10460, stack(0x000000d055e00000,0x000000d055f00000)]
  0x000002261fa7f800 JavaThread "Finalizer" daemon [_thread_blocked, id=568, stack(0x000000d055f00000,0x000000d056000000)]
  0x000002261fa96800 JavaThread "Signal Dispatcher" daemon [_thread_blocked, id=5816, stack(0x000000d056000000,0x000000d056100000)]
  0x000002261fa98800 JavaThread "Attach Listener" daemon [_thread_blocked, id=10424, stack(0x000000d056100000,0x000000d056200000)]
  0x000002261fa9b000 JavaThread "Service Thread" daemon [_thread_blocked, id=11576, stack(0x000000d056200000,0x000000d056300000)]
=>0x000002261faa0800 JavaThread "C2 CompilerThread0" daemon [_thread_in_native, id=12188, stack(0x000000d056300000,0x000000d056400000)]
  0x000002261faa5800 JavaThread "C1 CompilerThread0" daemon [_thread_blocked, id=1324, stack(0x000000d056400000,0x000000d056500000)]
  0x000002261faa9000 JavaThread "Sweeper thread" daemon [_thread_blocked, id=11244, stack(0x000000d056500000,0x000000d056600000)]
  0x0000022620549800 JavaThread "Common-Cleaner" daemon [_thread_blocked, id=11384, stack(0x000000d056600000,0x000000d056700000)]
  0x00000226227e7800 JavaThread "Daemon health stats" [_thread_blocked, id=4876, stack(0x000000d056b00000,0x000000d056c00000)]
  0x0000022621381000 JavaThread "Incoming local TCP Connector on port 59409" [_thread_in_native, id=372, stack(0x000000d056800000,0x000000d056900000)]
  0x0000022623dff800 JavaThread "Daemon periodic checks" [_thread_blocked, id=3484, stack(0x000000d056c00000,0x000000d056d00000)]
  0x00000226222ec800 JavaThread "Daemon" [_thread_blocked, id=5012, stack(0x000000d056d00000,0x000000d056e00000)]
  0x0000022622f4f000 JavaThread "Handler for socket connection from /127.0.0.1:59409 to /127.0.0.1:59410" [_thread_in_native, id=2560, stack(0x000000d056e00000,0x000000d056f00000)]
  0x0000022621f01800 JavaThread "Cancel handler" [_thread_blocked, id=9328, stack(0x000000d056f00000,0x000000d057000000)]
  0x00000226214bf800 JavaThread "Daemon worker" [_thread_blocked, id=10284, stack(0x000000d057000000,0x000000d057100000)]
  0x0000022622a46000 JavaThread "Asynchronous log dispatcher for DefaultDaemonConnection: socket connection from /127.0.0.1:59409 to /127.0.0.1:59410" [_thread_blocked, id=6568, stack(0x000000d057100000,0x000000d057200000)]
  0x0000022622795000 JavaThread "Stdin handler" [_thread_blocked, id=9464, stack(0x000000d057200000,0x000000d057300000)]
  0x000002262043c800 JavaThread "Daemon client event forwarder" [_thread_blocked, id=2948, stack(0x000000d057300000,0x000000d057400000)]
  0x0000022620443000 JavaThread "Cache worker for file hash cache (C:\Users\Orchid\.gradle\caches\7.0.2\fileHashes)" [_thread_blocked, id=6416, stack(0x000000d057400000,0x000000d057500000)]
  0x000002262043f800 JavaThread "File lock request listener" [_thread_in_native, id=11472, stack(0x000000d057500000,0x000000d057600000)]
  0x0000022620441000 JavaThread "Cache worker for journal cache (C:\Users\Orchid\.gradle\caches\journal-1)" [_thread_blocked, id=5908, stack(0x000000d057700000,0x000000d057800000)]
  0x000002262043e000 JavaThread "Cache worker for file hash cache (D:\kaveri_final_project\KioskApp\.gradle\7.0.2\fileHashes)" [_thread_blocked, id=9264, stack(0x000000d057800000,0x000000d057900000)]
  0x000002262043d000 JavaThread "File watcher server" daemon [_thread_in_native, id=9256, stack(0x000000d057900000,0x000000d057a00000)]
  0x0000022620440800 JavaThread "File watcher consumer" daemon [_thread_blocked, id=12024, stack(0x000000d057a00000,0x000000d057b00000)]
  0x000002262043e800 JavaThread "Cache worker for checksums cache (D:\kaveri_final_project\KioskApp\.gradle\checksums)" [_thread_blocked, id=7088, stack(0x000000d057b00000,0x000000d057c00000)]
  0x0000022620442000 JavaThread "Cache worker for cache directory md-supplier (C:\Users\Orchid\.gradle\caches\7.0.2\md-supplier)" [_thread_blocked, id=9040, stack(0x000000d057c00000,0x000000d057d00000)]
  0x0000022624149800 JavaThread "Cache worker for cache directory md-rule (C:\Users\Orchid\.gradle\caches\7.0.2\md-rule)" [_thread_blocked, id=4448, stack(0x000000d057d00000,0x000000d057e00000)]
  0x000002262414c000 JavaThread "Cache worker for execution history cache (C:\Users\Orchid\.gradle\caches\7.0.2\executionHistory)" [_thread_blocked, id=9912, stack(0x000000d057e00000,0x000000d057f00000)]
  0x000002262414a800 JavaThread "jar transforms" [_thread_blocked, id=7924, stack(0x000000d057f00000,0x000000d058000000)]
  0x000002262414d000 JavaThread "jar transforms Thread 2" [_thread_blocked, id=1124, stack(0x000000d058000000,0x000000d058100000)]
  0x000002262414d800 JavaThread "Cache worker for file content cache (C:\Users\Orchid\.gradle\caches\7.0.2\fileContent)" [_thread_blocked, id=2620, stack(0x000000d058100000,0x000000d058200000)]
  0x0000022624151800 JavaThread "Cache worker for dependencies-accessors (D:\kaveri_final_project\KioskApp\.gradle\7.0.2\dependencies-accessors)" [_thread_blocked, id=1468, stack(0x000000d058200000,0x000000d058300000)]
  0x0000022624150000 JavaThread "jar transforms Thread 3" [_thread_blocked, id=3020, stack(0x000000d058300000,0x000000d058400000)]
  0x000002262414f000 JavaThread "Cache worker for Build Output Cleanup Cache (D:\kaveri_final_project\KioskApp\.gradle\buildOutputCleanup)" [_thread_blocked, id=9800, stack(0x000000d058400000,0x000000d058500000)]
  0x0000022624154000 JavaThread "Build operations" [_thread_in_Java, id=11524, stack(0x000000d058500000,0x000000d058600000)]
  0x000002262414e800 JavaThread "Build operations Thread 2" [_thread_in_native, id=11248, stack(0x000000d058600000,0x000000d058700000)]
  0x0000022624155000 JavaThread "Build operations Thread 3" [_thread_blocked, id=7432, stack(0x000000d058700000,0x000000d058800000)]
  0x0000022624152800 JavaThread "Build operations Thread 4" [_thread_blocked, id=9460, stack(0x000000d058800000,0x000000d058900000)]
  0x0000022624153800 JavaThread "jar transforms Thread 4" [_thread_blocked, id=11164, stack(0x000000d058900000,0x000000d058a00000)]
  0x0000022624156000 JavaThread "Memory manager" [_thread_blocked, id=2744, stack(0x000000d055400000,0x000000d055500000)]
  0x0000022624156800 JavaThread "build event listener" [_thread_blocked, id=4884, stack(0x000000d058c00000,0x000000d058d00000)]
  0x000002262696f000 JavaThread "Execution worker for ':'" [_thread_blocked, id=11652, stack(0x000000d058d00000,0x000000d058e00000)]
  0x000002262696e000 JavaThread "Execution worker for ':' Thread 2" [_thread_blocked, id=8180, stack(0x000000d058e00000,0x000000d058f00000)]
  0x0000022626970800 JavaThread "Execution worker for ':' Thread 3" [_thread_blocked, id=4916, stack(0x000000d058f00000,0x000000d059000000)]
  0x000002262696b000 JavaThread "Cache worker for execution history cache (D:\kaveri_final_project\KioskApp\.gradle\7.0.2\executionHistory)" [_thread_blocked, id=5452, stack(0x000000d059000000,0x000000d059100000)]

Other Threads:
  0x000002261fa7a800 VMThread "VM Thread" [stack: 0x000000d055d00000,0x000000d055e00000] [id=4744]
  0x000002262055f000 WatcherThread [stack: 0x000000d056700000,0x000000d056800000] [id=3888]
  0x0000022603f7c800 GCTaskThread "GC Thread#0" [stack: 0x000000d055800000,0x000000d055900000] [id=8412]
  0x0000022620952000 GCTaskThread "GC Thread#1" [stack: 0x000000d056900000,0x000000d056a00000] [id=4852]
  0x0000022620709000 GCTaskThread "GC Thread#2" [stack: 0x000000d056a00000,0x000000d056b00000] [id=3076]
  0x00000226210e0000 GCTaskThread "GC Thread#3" [stack: 0x000000d057600000,0x000000d057700000] [id=2472]
  0x0000022603fe1000 ConcurrentGCThread "G1 Main Marker" [stack: 0x000000d055900000,0x000000d055a00000] [id=7148]
  0x0000022603fe3800 ConcurrentGCThread "G1 Conc#0" [stack: 0x000000d055a00000,0x000000d055b00000] [id=2792]
  0x0000022604074800 ConcurrentGCThread "G1 Refine#0" [stack: 0x000000d055b00000,0x000000d055c00000] [id=6732]
  0x0000022604075800 ConcurrentGCThread "G1 Young RemSet Sampling" [stack: 0x000000d055c00000,0x000000d055d00000] [id=6000]

Threads with active compile tasks:
C2 CompilerThread0  42482 7868       4       org.gradle.internal.serialize.kryo.StringDeduplicatingKryoBackedEncoder::writeNullableString (114 bytes)

VM state:not at safepoint (normal execution)

VM Mutex/Monitor currently owned by a thread: None

Heap address: 0x0000000080000000, size: 2048 MB, Compressed Oops mode: 32-bit
Narrow klass base: 0x0000000000000000, Narrow klass shift: 3
Compressed class space size: 1073741824 Address: 0x0000000100000000

Heap:
 garbage-first heap   total 131072K, used 88319K [0x0000000080000000, 0x0000000100000000)
  region size 1024K, 33 young (33792K), 6 survivors (6144K)
 Metaspace       used 78354K, capacity 80382K, committed 80624K, reserved 1120256K
  class space    used 10232K, capacity 10925K, committed 10956K, reserved 1048576K
Heap Regions: E=young(eden), S=young(survivor), O=old, HS=humongous(starts), HC=humongous(continues), CS=collection set, F=free, A=archive, TAMS=top-at-mark-start (previous, next)
|   0|0x0000000080000000, 0x0000000080100000, 0x0000000080100000|100%| O|  |TAMS 0x0000000080100000, 0x0000000080000000| Untracked 
|   1|0x0000000080100000, 0x0000000080200000, 0x0000000080200000|100%| O|  |TAMS 0x0000000080200000, 0x0000000080100000| Untracked 
|   2|0x0000000080200000, 0x0000000080300000, 0x0000000080300000|100%| O|  |TAMS 0x0000000080300000, 0x0000000080200000| Untracked 
|   3|0x0000000080300000, 0x0000000080400000, 0x0000000080400000|100%|HS|  |TAMS 0x0000000080400000, 0x0000000080300000| Complete 
|   4|0x0000000080400000, 0x0000000080500000, 0x0000000080500000|100%|HC|  |TAMS 0x0000000080500000, 0x0000000080400000| Complete 
|   5|0x0000000080500000, 0x0000000080600000, 0x0000000080600000|100%|HC|  |TAMS 0x0000000080600000, 0x0000000080500000| Complete 
|   6|0x0000000080600000, 0x0000000080700000, 0x0000000080700000|100%| O|  |TAMS 0x0000000080700000, 0x0000000080600000| Untracked 
|   7|0x0000000080700000, 0x0000000080800000, 0x0000000080800000|100%| O|  |TAMS 0x0000000080800000, 0x0000000080700000| Untracked 
|   8|0x0000000080800000, 0x0000000080900000, 0x0000000080900000|100%| O|  |TAMS 0x0000000080900000, 0x0000000080800000| Untracked 
|   9|0x0000000080900000, 0x0000000080a00000, 0x0000000080a00000|100%| O|  |TAMS 0x0000000080a00000, 0x0000000080900000| Untracked 
|  10|0x0000000080a00000, 0x0000000080b00000, 0x0000000080b00000|100%| O|  |TAMS 0x0000000080b00000, 0x0000000080a00000| Untracked 
|  11|0x0000000080b00000, 0x0000000080c00000, 0x0000000080c00000|100%| O|  |TAMS 0x0000000080c00000, 0x0000000080b00000| Untracked 
|  12|0x0000000080c00000, 0x0000000080d00000, 0x0000000080d00000|100%| O|  |TAMS 0x0000000080d00000, 0x0000000080c00000| Untracked 
|  13|0x0000000080d00000, 0x0000000080e00000, 0x0000000080e00000|100%| O|  |TAMS 0x0000000080e00000, 0x0000000080d00000| Untracked 
|  14|0x0000000080e00000, 0x0000000080f00000, 0x0000000080f00000|100%| O|  |TAMS 0x0000000080f00000, 0x0000000080e00000| Untracked 
|  15|0x0000000080f00000, 0x0000000081000000, 0x0000000081000000|100%| O|  |TAMS 0x0000000081000000, 0x0000000080f00000| Untracked 
|  16|0x0000000081000000, 0x0000000081100000, 0x0000000081100000|100%|HS|  |TAMS 0x0000000081100000, 0x0000000081000000| Complete 
|  17|0x0000000081100000, 0x0000000081200000, 0x0000000081200000|100%| O|  |TAMS 0x0000000081200000, 0x0000000081100000| Untracked 
|  18|0x0000000081200000, 0x0000000081300000, 0x0000000081300000|100%| O|  |TAMS 0x0000000081300000, 0x0000000081200000| Untracked 
|  19|0x0000000081300000, 0x0000000081400000, 0x0000000081400000|100%| O|  |TAMS 0x0000000081400000, 0x0000000081300000| Untracked 
|  20|0x0000000081400000, 0x0000000081500000, 0x0000000081500000|100%| O|  |TAMS 0x0000000081500000, 0x0000000081400000| Untracked 
|  21|0x0000000081500000, 0x0000000081600000, 0x0000000081600000|100%| O|  |TAMS 0x0000000081600000, 0x0000000081500000| Untracked 
|  22|0x0000000081600000, 0x0000000081700000, 0x0000000081700000|100%| O|  |TAMS 0x0000000081700000, 0x0000000081600000| Untracked 
|  23|0x0000000081700000, 0x0000000081800000, 0x0000000081800000|100%|HS|  |TAMS 0x0000000081800000, 0x0000000081700000| Complete 
|  24|0x0000000081800000, 0x0000000081900000, 0x0000000081900000|100%|HS|  |TAMS 0x0000000081900000, 0x0000000081800000| Complete 
|  25|0x0000000081900000, 0x0000000081a00000, 0x0000000081a00000|100%|HC|  |TAMS 0x0000000081a00000, 0x0000000081900000| Complete 
|  26|0x0000000081a00000, 0x0000000081b00000, 0x0000000081b00000|100%| O|  |TAMS 0x0000000081b00000, 0x0000000081a00000| Untracked 
|  27|0x0000000081b00000, 0x0000000081c00000, 0x0000000081c00000|100%| O|  |TAMS 0x0000000081c00000, 0x0000000081b00000| Untracked 
|  28|0x0000000081c00000, 0x0000000081d00000, 0x0000000081d00000|100%| O|  |TAMS 0x0000000081d00000, 0x0000000081c00000| Untracked 
|  29|0x0000000081d00000, 0x0000000081e00000, 0x0000000081e00000|100%| O|  |TAMS 0x0000000081e00000, 0x0000000081d00000| Untracked 
|  30|0x0000000081e00000, 0x0000000081f00000, 0x0000000081f00000|100%| O|  |TAMS 0x0000000081f00000, 0x0000000081e00000| Untracked 
|  31|0x0000000081f00000, 0x0000000082000000, 0x0000000082000000|100%| O|  |TAMS 0x0000000082000000, 0x0000000081f00000| Untracked 
|  32|0x0000000082000000, 0x0000000082100000, 0x0000000082100000|100%| O|  |TAMS 0x0000000082100000, 0x0000000082000000| Untracked 
|  33|0x0000000082100000, 0x0000000082200000, 0x0000000082200000|100%| O|  |TAMS 0x0000000082200000, 0x0000000082100000| Untracked 
|  34|0x0000000082200000, 0x0000000082300000, 0x0000000082300000|100%| O|  |TAMS 0x0000000082300000, 0x0000000082200000| Untracked 
|  35|0x0000000082300000, 0x0000000082400000, 0x0000000082400000|100%| O|  |TAMS 0x0000000082400000, 0x0000000082300000| Untracked 
|  36|0x0000000082400000, 0x0000000082500000, 0x0000000082500000|100%| O|  |TAMS 0x0000000082500000, 0x0000000082400000| Untracked 
|  37|0x0000000082500000, 0x0000000082600000, 0x0000000082600000|100%| O|  |TAMS 0x0000000082600000, 0x0000000082500000| Untracked 
|  38|0x0000000082600000, 0x0000000082700000, 0x0000000082700000|100%| O|  |TAMS 0x0000000082700000, 0x0000000082600000| Untracked 
|  39|0x0000000082700000, 0x0000000082800000, 0x0000000082800000|100%| O|  |TAMS 0x0000000082800000, 0x0000000082700000| Untracked 
|  40|0x0000000082800000, 0x0000000082900000, 0x0000000082900000|100%| O|  |TAMS 0x0000000082900000, 0x0000000082800000| Untracked 
|  41|0x0000000082900000, 0x0000000082a00000, 0x0000000082a00000|100%| O|  |TAMS 0x0000000082a00000, 0x0000000082900000| Untracked 
|  42|0x0000000082a00000, 0x0000000082b00000, 0x0000000082b00000|100%| O|  |TAMS 0x0000000082b00000, 0x0000000082a00000| Untracked 
|  43|0x0000000082b00000, 0x0000000082c00000, 0x0000000082c00000|100%| O|  |TAMS 0x0000000082b4be00, 0x0000000082b00000| Untracked 
|  44|0x0000000082c00000, 0x0000000082d00000, 0x0000000082d00000|100%| O|  |TAMS 0x0000000082c00000, 0x0000000082c00000| Untracked 
|  45|0x0000000082d00000, 0x0000000082e00000, 0x0000000082e00000|100%| O|  |TAMS 0x0000000082d00000, 0x0000000082d00000| Untracked 
|  46|0x0000000082e00000, 0x0000000082f00000, 0x0000000082f00000|100%| O|  |TAMS 0x0000000082e00000, 0x0000000082e00000| Untracked 
|  47|0x0000000082f00000, 0x0000000083000000, 0x0000000083000000|100%| O|  |TAMS 0x0000000082f00000, 0x0000000082f00000| Untracked 
|  48|0x0000000083000000, 0x0000000083100000, 0x0000000083100000|100%| O|  |TAMS 0x0000000083000000, 0x0000000083000000| Untracked 
|  49|0x0000000083100000, 0x0000000083200000, 0x0000000083200000|100%| O|  |TAMS 0x0000000083100000, 0x0000000083100000| Untracked 
|  50|0x0000000083200000, 0x0000000083300000, 0x0000000083300000|100%| O|  |TAMS 0x0000000083200000, 0x0000000083200000| Untracked 
|  51|0x0000000083300000, 0x0000000083400000, 0x0000000083400000|100%| O|  |TAMS 0x0000000083300000, 0x0000000083300000| Untracked 
|  52|0x0000000083400000, 0x0000000083500000, 0x0000000083500000|100%| O|  |TAMS 0x0000000083400000, 0x0000000083400000| Untracked 
|  53|0x0000000083500000, 0x0000000083600000, 0x0000000083600000|100%| O|  |TAMS 0x0000000083500000, 0x0000000083500000| Untracked 
|  54|0x0000000083600000, 0x000000008363fc00, 0x0000000083700000| 24%| O|  |TAMS 0x0000000083600000, 0x0000000083600000| Untracked 
|  55|0x0000000083700000, 0x0000000083700000, 0x0000000083800000|  0%| F|  |TAMS 0x0000000083700000, 0x0000000083700000| Untracked 
|  56|0x0000000083800000, 0x0000000083800000, 0x0000000083900000|  0%| F|  |TAMS 0x0000000083800000, 0x0000000083800000| Untracked 
|  57|0x0000000083900000, 0x0000000083900000, 0x0000000083a00000|  0%| F|  |TAMS 0x0000000083900000, 0x0000000083900000| Untracked 
|  58|0x0000000083a00000, 0x0000000083a00000, 0x0000000083b00000|  0%| F|  |TAMS 0x0000000083a00000, 0x0000000083a00000| Untracked 
|  59|0x0000000083b00000, 0x0000000083b00000, 0x0000000083c00000|  0%| F|  |TAMS 0x0000000083b00000, 0x0000000083b00000| Untracked 
|  60|0x0000000083c00000, 0x0000000083c00000, 0x0000000083d00000|  0%| F|  |TAMS 0x0000000083c00000, 0x0000000083c00000| Untracked 
|  61|0x0000000083d00000, 0x0000000083d00000, 0x0000000083e00000|  0%| F|  |TAMS 0x0000000083d00000, 0x0000000083d00000| Untracked 
|  62|0x0000000083e00000, 0x0000000083e00000, 0x0000000083f00000|  0%| F|  |TAMS 0x0000000083e00000, 0x0000000083e00000| Untracked 
|  63|0x0000000083f00000, 0x0000000083f00000, 0x0000000084000000|  0%| F|  |TAMS 0x0000000083f00000, 0x0000000083f00000| Untracked 
|  64|0x0000000084000000, 0x0000000084000000, 0x0000000084100000|  0%| F|  |TAMS 0x0000000084000000, 0x0000000084000000| Untracked 
|  65|0x0000000084100000, 0x0000000084100000, 0x0000000084200000|  0%| F|  |TAMS 0x0000000084100000, 0x0000000084100000| Untracked 
|  66|0x0000000084200000, 0x0000000084200000, 0x0000000084300000|  0%| F|  |TAMS 0x0000000084200000, 0x0000000084200000| Untracked 
|  67|0x0000000084300000, 0x0000000084300000, 0x0000000084400000|  0%| F|  |TAMS 0x0000000084300000, 0x0000000084300000| Untracked 
|  68|0x0000000084400000, 0x0000000084400000, 0x0000000084500000|  0%| F|  |TAMS 0x0000000084400000, 0x0000000084400000| Untracked 
|  69|0x0000000084500000, 0x0000000084500000, 0x0000000084600000|  0%| F|  |TAMS 0x0000000084500000, 0x0000000084500000| Untracked 
|  70|0x0000000084600000, 0x0000000084600000, 0x0000000084700000|  0%| F|  |TAMS 0x0000000084600000, 0x0000000084600000| Untracked 
|  71|0x0000000084700000, 0x0000000084700000, 0x0000000084800000|  0%| F|  |TAMS 0x0000000084700000, 0x0000000084700000| Untracked 
|  72|0x0000000084800000, 0x0000000084800000, 0x0000000084900000|  0%| F|  |TAMS 0x0000000084800000, 0x0000000084800000| Untracked 
|  73|0x0000000084900000, 0x0000000084900000, 0x0000000084a00000|  0%| F|  |TAMS 0x0000000084900000, 0x0000000084900000| Untracked 
|  74|0x0000000084a00000, 0x0000000084b00000, 0x0000000084b00000|100%| S|CS|TAMS 0x0000000084a00000, 0x0000000084a00000| Complete 
|  75|0x0000000084b00000, 0x0000000084c00000, 0x0000000084c00000|100%| S|CS|TAMS 0x0000000084b00000, 0x0000000084b00000| Complete 
|  76|0x0000000084c00000, 0x0000000084d00000, 0x0000000084d00000|100%| S|CS|TAMS 0x0000000084c00000, 0x0000000084c00000| Complete 
|  77|0x0000000084d00000, 0x0000000084e00000, 0x0000000084e00000|100%| S|CS|TAMS 0x0000000084d00000, 0x0000000084d00000| Complete 
|  78|0x0000000084e00000, 0x0000000084e00000, 0x0000000084f00000|  0%| F|  |TAMS 0x0000000084e00000, 0x0000000084e00000| Untracked 
|  79|0x0000000084f00000, 0x0000000084f00000, 0x0000000085000000|  0%| F|  |TAMS 0x0000000084f00000, 0x0000000084f00000| Untracked 
|  80|0x0000000085000000, 0x0000000085000000, 0x0000000085100000|  0%| F|  |TAMS 0x0000000085000000, 0x0000000085000000| Untracked 
|  81|0x0000000085100000, 0x0000000085200000, 0x0000000085200000|100%| S|CS|TAMS 0x0000000085100000, 0x0000000085100000| Complete 
|  82|0x0000000085200000, 0x0000000085300000, 0x0000000085300000|100%| S|CS|TAMS 0x0000000085200000, 0x0000000085200000| Complete 
|  83|0x0000000085300000, 0x0000000085300000, 0x0000000085400000|  0%| F|  |TAMS 0x0000000085300000, 0x0000000085300000| Untracked 
|  84|0x0000000085400000, 0x0000000085400000, 0x0000000085500000|  0%| F|  |TAMS 0x0000000085400000, 0x0000000085400000| Untracked 
|  85|0x0000000085500000, 0x0000000085500000, 0x0000000085600000|  0%| F|  |TAMS 0x0000000085500000, 0x0000000085500000| Untracked 
|  86|0x0000000085600000, 0x0000000085600000, 0x0000000085700000|  0%| F|  |TAMS 0x0000000085600000, 0x0000000085600000| Untracked 
|  87|0x0000000085700000, 0x0000000085700000, 0x0000000085800000|  0%| F|  |TAMS 0x0000000085700000, 0x0000000085700000| Untracked 
|  88|0x0000000085800000, 0x0000000085800000, 0x0000000085900000|  0%| F|  |TAMS 0x0000000085800000, 0x0000000085800000| Untracked 
|  89|0x0000000085900000, 0x0000000085900000, 0x0000000085a00000|  0%| F|  |TAMS 0x0000000085900000, 0x0000000085900000| Untracked 
|  90|0x0000000085a00000, 0x0000000085a00000, 0x0000000085b00000|  0%| F|  |TAMS 0x0000000085a00000, 0x0000000085a00000| Untracked 
|  91|0x0000000085b00000, 0x0000000085b00000, 0x0000000085c00000|  0%| F|  |TAMS 0x0000000085b00000, 0x0000000085b00000| Untracked 
|  92|0x0000000085c00000, 0x0000000085c00000, 0x0000000085d00000|  0%| F|  |TAMS 0x0000000085c00000, 0x0000000085c00000| Untracked 
|  93|0x0000000085d00000, 0x0000000085d00000, 0x0000000085e00000|  0%| F|  |TAMS 0x0000000085d00000, 0x0000000085d00000| Untracked 
|  94|0x0000000085e00000, 0x0000000085e00000, 0x0000000085f00000|  0%| F|  |TAMS 0x0000000085e00000, 0x0000000085e00000| Untracked 
|  95|0x0000000085f00000, 0x0000000085f00000, 0x0000000086000000|  0%| F|  |TAMS 0x0000000085f00000, 0x0000000085f00000| Untracked 
|  96|0x0000000086000000, 0x0000000086000000, 0x0000000086100000|  0%| F|  |TAMS 0x0000000086000000, 0x0000000086000000| Untracked 
|  97|0x0000000086100000, 0x0000000086100000, 0x0000000086200000|  0%| F|  |TAMS 0x0000000086100000, 0x0000000086100000| Untracked 
|  98|0x0000000086200000, 0x0000000086200000, 0x0000000086300000|  0%| F|  |TAMS 0x0000000086200000, 0x0000000086200000| Untracked 
|  99|0x0000000086300000, 0x0000000086300000, 0x0000000086400000|  0%| F|  |TAMS 0x0000000086300000, 0x0000000086300000| Untracked 
| 100|0x0000000086400000, 0x0000000086400000, 0x0000000086500000|  0%| F|  |TAMS 0x0000000086400000, 0x0000000086400000| Untracked 
| 101|0x0000000086500000, 0x0000000086572ae8, 0x0000000086600000| 44%| E|  |TAMS 0x0000000086500000, 0x0000000086500000| Complete 
| 102|0x0000000086600000, 0x0000000086700000, 0x0000000086700000|100%| E|CS|TAMS 0x0000000086600000, 0x0000000086600000| Complete 
| 103|0x0000000086700000, 0x0000000086800000, 0x0000000086800000|100%| E|CS|TAMS 0x0000000086700000, 0x0000000086700000| Complete 
| 104|0x0000000086800000, 0x0000000086900000, 0x0000000086900000|100%| E|CS|TAMS 0x0000000086800000, 0x0000000086800000| Complete 
| 105|0x0000000086900000, 0x0000000086a00000, 0x0000000086a00000|100%| E|CS|TAMS 0x0000000086900000, 0x0000000086900000| Complete 
| 106|0x0000000086a00000, 0x0000000086b00000, 0x0000000086b00000|100%| E|CS|TAMS 0x0000000086a00000, 0x0000000086a00000| Complete 
| 107|0x0000000086b00000, 0x0000000086c00000, 0x0000000086c00000|100%| E|CS|TAMS 0x0000000086b00000, 0x0000000086b00000| Complete 
| 108|0x0000000086c00000, 0x0000000086d00000, 0x0000000086d00000|100%| E|CS|TAMS 0x0000000086c00000, 0x0000000086c00000| Complete 
| 109|0x0000000086d00000, 0x0000000086e00000, 0x0000000086e00000|100%| E|CS|TAMS 0x0000000086d00000, 0x0000000086d00000| Complete 
| 110|0x0000000086e00000, 0x0000000086f00000, 0x0000000086f00000|100%| E|CS|TAMS 0x0000000086e00000, 0x0000000086e00000| Complete 
| 111|0x0000000086f00000, 0x0000000087000000, 0x0000000087000000|100%| E|CS|TAMS 0x0000000086f00000, 0x0000000086f00000| Complete 
| 112|0x0000000087000000, 0x0000000087100000, 0x0000000087100000|100%| E|CS|TAMS 0x0000000087000000, 0x0000000087000000| Complete 
| 113|0x0000000087100000, 0x0000000087200000, 0x0000000087200000|100%| E|CS|TAMS 0x0000000087100000, 0x0000000087100000| Complete 
| 114|0x0000000087200000, 0x0000000087300000, 0x0000000087300000|100%| E|CS|TAMS 0x0000000087200000, 0x0000000087200000| Complete 
| 115|0x0000000087300000, 0x0000000087400000, 0x0000000087400000|100%| E|CS|TAMS 0x0000000087300000, 0x0000000087300000| Complete 
| 116|0x0000000087400000, 0x0000000087500000, 0x0000000087500000|100%| E|CS|TAMS 0x0000000087400000, 0x0000000087400000| Complete 
| 117|0x0000000087500000, 0x0000000087600000, 0x0000000087600000|100%| E|CS|TAMS 0x0000000087500000, 0x0000000087500000| Complete 
| 118|0x0000000087600000, 0x0000000087700000, 0x0000000087700000|100%| E|CS|TAMS 0x0000000087600000, 0x0000000087600000| Complete 
| 119|0x0000000087700000, 0x0000000087800000, 0x0000000087800000|100%| E|CS|TAMS 0x0000000087700000, 0x0000000087700000| Complete 
| 120|0x0000000087800000, 0x0000000087900000, 0x0000000087900000|100%| E|CS|TAMS 0x0000000087800000, 0x0000000087800000| Complete 
| 121|0x0000000087900000, 0x0000000087a00000, 0x0000000087a00000|100%| E|CS|TAMS 0x0000000087900000, 0x0000000087900000| Complete 
| 122|0x0000000087a00000, 0x0000000087b00000, 0x0000000087b00000|100%| E|CS|TAMS 0x0000000087a00000, 0x0000000087a00000| Complete 
| 123|0x0000000087b00000, 0x0000000087c00000, 0x0000000087c00000|100%| E|CS|TAMS 0x0000000087b00000, 0x0000000087b00000| Complete 
| 124|0x0000000087c00000, 0x0000000087d00000, 0x0000000087d00000|100%| E|CS|TAMS 0x0000000087c00000, 0x0000000087c00000| Complete 
| 125|0x0000000087d00000, 0x0000000087e00000, 0x0000000087e00000|100%| E|CS|TAMS 0x0000000087d00000, 0x0000000087d00000| Complete 
| 126|0x0000000087e00000, 0x0000000087f00000, 0x0000000087f00000|100%| E|CS|TAMS 0x0000000087e00000, 0x0000000087e00000| Complete 
| 127|0x0000000087f00000, 0x0000000088000000, 0x0000000088000000|100%| E|CS|TAMS 0x0000000087f00000, 0x0000000087f00000| Complete 

Card table byte_map: [0x0000022618c80000,0x0000022619080000] _byte_map_base: 0x0000022618880000

Marking Bits (Prev, Next): (CMBitMap*) 0x0000022603fd8468, (CMBitMap*) 0x0000022603fd84a0
 Prev Bits: [0x0000022619480000, 0x000002261b480000)
 Next Bits: [0x000002261b480000, 0x000002261d480000)

Polling page: 0x0000022603df0000

Metaspace:

Usage:
  Non-class:     67.83 MB capacity,    66.53 MB ( 98%) used,     1.10 MB (  2%) free+waste,   208.38 KB ( <1%) overhead. 
      Class:     10.67 MB capacity,     9.99 MB ( 94%) used,   595.95 KB (  5%) free+waste,    96.06 KB ( <1%) overhead. 
       Both:     78.50 MB capacity,    76.52 MB ( 97%) used,     1.68 MB (  2%) free+waste,   304.44 KB ( <1%) overhead. 

Virtual space:
  Non-class space:       70.00 MB reserved,      68.04 MB ( 97%) committed 
      Class space:        1.00 GB reserved,      10.70 MB (  1%) committed 
             Both:        1.07 GB reserved,      78.73 MB (  7%) committed 

Chunk freelists:
   Non-Class:  0 bytes
       Class:  0 bytes
        Both:  0 bytes

MaxMetaspaceSize: 17179869184.00 GB
CompressedClassSpaceSize: 1.00 GB

CodeHeap 'non-profiled nmethods': size=120064Kb used=3500Kb max_used=3500Kb free=116563Kb
 bounds [0x0000022610d10000, 0x0000022611080000, 0x0000022618250000]
CodeHeap 'profiled nmethods': size=120000Kb used=15891Kb max_used=15891Kb free=104108Kb
 bounds [0x00000226097e0000, 0x000002260a770000, 0x0000022610d10000]
CodeHeap 'non-nmethods': size=5696Kb used=2273Kb max_used=2310Kb free=3422Kb
 bounds [0x0000022609250000, 0x00000226094c0000, 0x00000226097e0000]
 total_blobs=8646 nmethods=7776 adapters=781
 compilation: enabled
              stopped_count=0, restarted_count=0
 full_count=0

Compilation events (20 events):
Event: 42.409 Thread 0x000002261faa5800 nmethod 7919 0x000002260a758390 code [0x000002260a758560, 0x000002260a758708]
Event: 42.409 Thread 0x000002261faa5800 7920       3       java.lang.ClassLoader::getParent (32 bytes)
Event: 42.410 Thread 0x000002261faa5800 nmethod 7920 0x000002260a758810 code [0x000002260a758a40, 0x000002260a7592b8]
Event: 42.412 Thread 0x000002261faa5800 7921       3       java.lang.String::regionMatches (150 bytes)
Event: 42.413 Thread 0x000002261faa5800 nmethod 7921 0x000002260a759590 code [0x000002260a759800, 0x000002260a75a1c8]
Event: 42.423 Thread 0x000002261faa5800 7924       3       com.google.common.collect.RegularImmutableSortedSet::size (8 bytes)
Event: 42.423 Thread 0x000002261faa5800 nmethod 7924 0x000002260a75a510 code [0x000002260a75a6c0, 0x000002260a75a888]
Event: 42.423 Thread 0x000002261faa5800 7925       3       org.gradle.internal.snapshot.impl.IsolatedArray::<init> (11 bytes)
Event: 42.424 Thread 0x000002261faa5800 nmethod 7925 0x000002260a75a990 code [0x000002260a75ab60, 0x000002260a75add8]
Event: 42.424 Thread 0x000002261faa5800 7926       3       org.gradle.internal.snapshot.impl.AbstractArraySnapshot::<init> (10 bytes)
Event: 42.424 Thread 0x000002261faa5800 nmethod 7926 0x000002260a75af10 code [0x000002260a75b0c0, 0x000002260a75b278]
Event: 42.434 Thread 0x000002261faa5800 7928       3       java.util.concurrent.LinkedBlockingQueue::enqueue (14 bytes)
Event: 42.434 Thread 0x000002261faa5800 nmethod 7928 0x000002260a75b310 code [0x000002260a75b4c0, 0x000002260a75b678]
Event: 42.435 Thread 0x000002261faa5800 7930       3       org.gradle.internal.model.CalculatedValueContainer::finalizeIfNotAlready (6 bytes)
Event: 42.435 Thread 0x000002261faa5800 nmethod 7930 0x000002260a75b790 code [0x000002260a75b960, 0x000002260a75bb48]
Event: 42.435 Thread 0x000002261faa5800 7931       3       org.gradle.internal.model.CalculatedValueContainer::finalizeIfNotAlready (17 bytes)
Event: 42.435 Thread 0x000002261faa5800 nmethod 7931 0x000002260a75bc90 code [0x000002260a75be40, 0x000002260a75bfc8]
Event: 42.435 Thread 0x000002261faa5800 7932       3       org.gradle.internal.model.CalculatedValueContainer::getValue (35 bytes)
Event: 42.436 Thread 0x000002261faa5800 nmethod 7932 0x000002260a75c090 code [0x000002260a75c320, 0x000002260a75ce68]
Event: 42.436 Thread 0x000002261faa5800 7929   !   3       java.util.concurrent.LinkedBlockingQueue::offer (131 bytes)

GC Heap History (20 events):
Event: 10.897 GC heap before
{Heap before GC invocations=5 (full 0):
 garbage-first heap   total 131072K, used 85045K [0x0000000080000000, 0x0000000100000000)
  region size 1024K, 76 young (77824K), 9 survivors (9216K)
 Metaspace       used 27130K, capacity 27737K, committed 27824K, reserved 1073152K
  class space    used 3585K, capacity 3825K, committed 3840K, reserved 1048576K
}
Event: 10.911 GC heap after
{Heap after GC invocations=6 (full 0):
 garbage-first heap   total 131072K, used 19010K [0x0000000080000000, 0x0000000100000000)
  region size 1024K, 3 young (3072K), 3 survivors (3072K)
 Metaspace       used 27130K, capacity 27737K, committed 27824K, reserved 1073152K
  class space    used 3585K, capacity 3825K, committed 3840K, reserved 1048576K
}
Event: 12.776 GC heap before
{Heap before GC invocations=6 (full 0):
 garbage-first heap   total 131072K, used 59970K [0x0000000080000000, 0x0000000100000000)
  region size 1024K, 45 young (46080K), 3 survivors (3072K)
 Metaspace       used 34799K, capacity 35610K, committed 35708K, reserved 1081344K
  class space    used 4531K, capacity 4832K, committed 4864K, reserved 1048576K
}
Event: 12.798 GC heap after
{Heap after GC invocations=7 (full 0):
 garbage-first heap   total 131072K, used 22413K [0x0000000080000000, 0x0000000100000000)
  region size 1024K, 6 young (6144K), 6 survivors (6144K)
 Metaspace       used 34799K, capacity 35610K, committed 35708K, reserved 1081344K
  class space    used 4531K, capacity 4832K, committed 4864K, reserved 1048576K
}
Event: 15.095 GC heap before
{Heap before GC invocations=8 (full 0):
 garbage-first heap   total 131072K, used 92045K [0x0000000080000000, 0x0000000100000000)
  region size 1024K, 72 young (73728K), 6 survivors (6144K)
 Metaspace       used 40737K, capacity 41699K, committed 41852K, reserved 1085440K
  class space    used 5255K, capacity 5614K, committed 5632K, reserved 1048576K
}
Event: 15.112 GC heap after
{Heap after GC invocations=9 (full 0):
 garbage-first heap   total 131072K, used 26287K [0x0000000080000000, 0x0000000100000000)
  region size 1024K, 8 young (8192K), 8 survivors (8192K)
 Metaspace       used 40737K, capacity 41699K, committed 41852K, reserved 1085440K
  class space    used 5255K, capacity 5614K, committed 5632K, reserved 1048576K
}
Event: 18.780 GC heap before
{Heap before GC invocations=9 (full 0):
 garbage-first heap   total 131072K, used 94895K [0x0000000080000000, 0x0000000100000000)
  region size 1024K, 74 young (75776K), 8 survivors (8192K)
 Metaspace       used 45863K, capacity 47030K, committed 47100K, reserved 1089536K
  class space    used 5866K, capacity 6261K, committed 6272K, reserved 1048576K
}
Event: 18.798 GC heap after
{Heap after GC invocations=10 (full 0):
 garbage-first heap   total 131072K, used 29467K [0x0000000080000000, 0x0000000100000000)
  region size 1024K, 8 young (8192K), 8 survivors (8192K)
 Metaspace       used 45863K, capacity 47030K, committed 47100K, reserved 1089536K
  class space    used 5866K, capacity 6261K, committed 6272K, reserved 1048576K
}
Event: 30.985 GC heap before
{Heap before GC invocations=10 (full 0):
 garbage-first heap   total 131072K, used 101147K [0x0000000080000000, 0x0000000100000000)
  region size 1024K, 74 young (75776K), 8 survivors (8192K)
 Metaspace       used 50477K, capacity 51852K, committed 52092K, reserved 1095680K
  class space    used 6425K, capacity 6890K, committed 6912K, reserved 1048576K
}
Event: 31.009 GC heap after
{Heap after GC invocations=11 (full 0):
 garbage-first heap   total 131072K, used 43536K [0x0000000080000000, 0x0000000100000000)
  region size 1024K, 10 young (10240K), 10 survivors (10240K)
 Metaspace       used 50477K, capacity 51852K, committed 52092K, reserved 1095680K
  class space    used 6425K, capacity 6890K, committed 6912K, reserved 1048576K
}
Event: 33.354 GC heap before
{Heap before GC invocations=11 (full 0):
 garbage-first heap   total 131072K, used 94736K [0x0000000080000000, 0x0000000100000000)
  region size 1024K, 61 young (62464K), 10 survivors (10240K)
 Metaspace       used 58304K, capacity 59845K, committed 59940K, reserved 1101824K
  class space    used 7393K, capacity 7930K, committed 7936K, reserved 1048576K
}
Event: 33.384 GC heap after
{Heap after GC invocations=12 (full 0):
 garbage-first heap   total 131072K, used 47898K [0x0000000080000000, 0x0000000100000000)
  region size 1024K, 4 young (4096K), 4 survivors (4096K)
 Metaspace       used 58304K, capacity 59845K, committed 59940K, reserved 1101824K
  class space    used 7393K, capacity 7930K, committed 7936K, reserved 1048576K
}
Event: 35.493 GC heap before
{Heap before GC invocations=13 (full 0):
 garbage-first heap   total 131072K, used 100122K [0x0000000080000000, 0x0000000100000000)
  region size 1024K, 55 young (56320K), 4 survivors (4096K)
 Metaspace       used 63159K, capacity 64735K, committed 65008K, reserved 1105920K
  class space    used 8013K, capacity 8563K, committed 8652K, reserved 1048576K
}
Event: 35.512 GC heap after
{Heap after GC invocations=14 (full 0):
 garbage-first heap   total 131072K, used 51041K [0x0000000080000000, 0x0000000100000000)
  region size 1024K, 7 young (7168K), 7 survivors (7168K)
 Metaspace       used 63159K, capacity 64735K, committed 65008K, reserved 1105920K
  class space    used 8013K, capacity 8563K, committed 8652K, reserved 1048576K
}
Event: 37.279 GC heap before
{Heap before GC invocations=15 (full 0):
 garbage-first heap   total 131072K, used 102241K [0x0000000080000000, 0x0000000100000000)
  region size 1024K, 57 young (58368K), 7 survivors (7168K)
 Metaspace       used 67003K, capacity 68657K, committed 68720K, reserved 1110016K
  class space    used 8664K, capacity 9250K, committed 9292K, reserved 1048576K
}
Event: 37.297 GC heap after
{Heap after GC invocations=16 (full 0):
 garbage-first heap   total 131072K, used 55475K [0x0000000080000000, 0x0000000100000000)
  region size 1024K, 5 young (5120K), 5 survivors (5120K)
 Metaspace       used 67003K, capacity 68657K, committed 68720K, reserved 1110016K
  class space    used 8664K, capacity 9250K, committed 9292K, reserved 1048576K
}
Event: 39.064 GC heap before
{Heap before GC invocations=16 (full 0):
 garbage-first heap   total 131072K, used 103603K [0x0000000080000000, 0x0000000100000000)
  region size 1024K, 52 young (53248K), 5 survivors (5120K)
 Metaspace       used 71474K, capacity 73224K, committed 73456K, reserved 1114112K
  class space    used 9281K, capacity 9903K, committed 9932K, reserved 1048576K
}
Event: 39.077 GC heap after
{Heap after GC invocations=17 (full 0):
 garbage-first heap   total 131072K, used 58854K [0x0000000080000000, 0x0000000100000000)
  region size 1024K, 4 young (4096K), 4 survivors (4096K)
 Metaspace       used 71474K, capacity 73224K, committed 73456K, reserved 1114112K
  class space    used 9281K, capacity 9903K, committed 9932K, reserved 1048576K
}
Event: 41.033 GC heap before
{Heap before GC invocations=17 (full 0):
 garbage-first heap   total 131072K, used 104934K [0x0000000080000000, 0x0000000100000000)
  region size 1024K, 49 young (50176K), 4 survivors (4096K)
 Metaspace       used 76478K, capacity 78327K, committed 78576K, reserved 1118208K
  class space    used 9949K, capacity 10607K, committed 10700K, reserved 1048576K
}
Event: 41.045 GC heap after
{Heap after GC invocations=18 (full 0):
 garbage-first heap   total 131072K, used 61695K [0x0000000080000000, 0x0000000100000000)
  region size 1024K, 6 young (6144K), 6 survivors (6144K)
 Metaspace       used 76478K, capacity 78327K, committed 78576K, reserved 1118208K
  class space    used 9949K, capacity 10607K, committed 10700K, reserved 1048576K
}

Deoptimization events (20 events):
Event: 41.408 Thread 0x000002262696b000 DEOPT PACKING pc=0x0000022610fd1138 sp=0x000000d0590fdd40
Event: 41.408 Thread 0x000002262696b000 DEOPT UNPACKING pc=0x00000226092778af sp=0x000000d0590fdd40 mode 2
Event: 41.821 Thread 0x00000226214bf800 DEOPT PACKING pc=0x000002260a56303b sp=0x000000d0570f6990
Event: 41.821 Thread 0x00000226214bf800 DEOPT UNPACKING pc=0x00000226092776ce sp=0x000000d0570f5ed0 mode 0
Event: 42.215 Thread 0x00000226214bf800 Uncommon trap: trap_request=0xffffff4d fr.pc=0x000002261105be80 relative=0x0000000000001520
Event: 42.215 Thread 0x00000226214bf800 Uncommon trap: reason=unstable_if action=reinterpret pc=0x000002261105be80 method=com.esotericsoftware.kryo.io.Input.readString()Ljava/lang/String; @ 38 c2
Event: 42.215 Thread 0x00000226214bf800 DEOPT PACKING pc=0x000002261105be80 sp=0x000000d0570f6520
Event: 42.215 Thread 0x00000226214bf800 DEOPT UNPACKING pc=0x00000226092778af sp=0x000000d0570f64b8 mode 2
Event: 42.229 Thread 0x00000226214bf800 DEOPT PACKING pc=0x000002260a0995ee sp=0x000000d0570f6770
Event: 42.230 Thread 0x00000226214bf800 DEOPT UNPACKING pc=0x00000226092776ce sp=0x000000d0570f5c10 mode 0
Event: 42.329 Thread 0x00000226214bf800 DEOPT PACKING pc=0x000002260a706b13 sp=0x000000d0570f87b0
Event: 42.329 Thread 0x00000226214bf800 DEOPT UNPACKING pc=0x00000226092776ce sp=0x000000d0570f7c48 mode 0
Event: 42.426 Thread 0x00000226214bf800 Uncommon trap: trap_request=0xffffffc6 fr.pc=0x0000022610fd1138 relative=0x0000000000002c58
Event: 42.426 Thread 0x00000226214bf800 Uncommon trap: reason=bimorphic_or_optimized_type_check action=maybe_recompile pc=0x0000022610fd1138 method=java.util.Arrays.binarySearch0([Ljava/lang/Object;IILjava/lang/Object;Ljava/util/Comparator;)I @ 48 c2
Event: 42.426 Thread 0x00000226214bf800 DEOPT PACKING pc=0x0000022610fd1138 sp=0x000000d0570f7c40
Event: 42.426 Thread 0x00000226214bf800 DEOPT UNPACKING pc=0x00000226092778af sp=0x000000d0570f7c40 mode 2
Event: 42.426 Thread 0x00000226214bf800 Uncommon trap: trap_request=0xffffffc6 fr.pc=0x0000022610fd1138 relative=0x0000000000002c58
Event: 42.426 Thread 0x00000226214bf800 Uncommon trap: reason=bimorphic_or_optimized_type_check action=maybe_recompile pc=0x0000022610fd1138 method=java.util.Arrays.binarySearch0([Ljava/lang/Object;IILjava/lang/Object;Ljava/util/Comparator;)I @ 48 c2
Event: 42.426 Thread 0x00000226214bf800 DEOPT PACKING pc=0x0000022610fd1138 sp=0x000000d0570f7c40
Event: 42.426 Thread 0x00000226214bf800 DEOPT UNPACKING pc=0x00000226092778af sp=0x000000d0570f7c40 mode 2

Classes redefined (0 events):
No events

Internal exceptions (20 events):
Event: 38.795 Thread 0x00000226214bf800 Exception <a 'java/lang/NoSuchMethodError'{0x0000000085810150}: 'java.lang.Object java.lang.invoke.Invokers$Holder.linkToTargetMethod(java.lang.Object, int, int, java.lang.Object)'> (0x0000000085810150) thrown at [./src/hotspot/share/interpreter/linkResolver.cpp, line 773]
Event: 38.878 Thread 0x00000226214bf800 Exception <a 'sun/nio/fs/WindowsException'{0x00000000857f8a18}> (0x00000000857f8a18) thrown at [./src/hotspot/share/prims/jni.cpp, line 615]
Event: 38.881 Thread 0x00000226214bf800 Exception <a 'sun/nio/fs/WindowsException'{0x00000000857f8fe0}> (0x00000000857f8fe0) thrown at [./src/hotspot/share/prims/jni.cpp, line 615]
Event: 39.158 Thread 0x00000226214bf800 Exception <a 'java/lang/NullPointerException'{0x0000000087dbf5c0}> (0x0000000087dbf5c0) thrown at [./src/hotspot/share/interpreter/linkResolver.cpp, line 1440]
Event: 39.994 Thread 0x00000226214bf800 Exception <a 'java/lang/NoSuchMethodError'{0x0000000086e90c88}: 'int java.lang.invoke.DirectMethodHandle$Holder.invokeStatic(java.lang.Object, java.lang.Object, int, java.lang.Object)'> (0x0000000086e90c88) thrown at [./src/hotspot/share/interpreter/linkResolver.cpp, line 773]
Event: 39.996 Thread 0x00000226214bf800 Exception <a 'java/lang/NoSuchMethodError'{0x0000000086e97b30}: 'java.lang.Object java.lang.invoke.Invokers$Holder.linkToTargetMethod(java.lang.Object, int, java.lang.Object)'> (0x0000000086e97b30) thrown at [./src/hotspot/share/interpreter/linkResolver.cpp, line 773]
Event: 40.132 Thread 0x00000226214bf800 Exception <a 'sun/nio/fs/WindowsException'{0x0000000086dc32d0}> (0x0000000086dc32d0) thrown at [./src/hotspot/share/prims/jni.cpp, line 615]
Event: 40.132 Thread 0x00000226214bf800 Exception <a 'sun/nio/fs/WindowsException'{0x0000000086dc43c8}> (0x0000000086dc43c8) thrown at [./src/hotspot/share/prims/jni.cpp, line 615]
Event: 40.132 Thread 0x00000226214bf800 Exception <a 'sun/nio/fs/WindowsException'{0x0000000086dc54f8}> (0x0000000086dc54f8) thrown at [./src/hotspot/share/prims/jni.cpp, line 615]
Event: 40.133 Thread 0x00000226214bf800 Exception <a 'sun/nio/fs/WindowsException'{0x0000000086dc6628}> (0x0000000086dc6628) thrown at [./src/hotspot/share/prims/jni.cpp, line 615]
Event: 41.197 Thread 0x000002262043c800 Exception <a 'java/lang/NoSuchMethodError'{0x0000000087b08430}: <clinit>> (0x0000000087b08430) thrown at [./src/hotspot/share/prims/jni.cpp, line 1362]
Event: 41.198 Thread 0x000002262043c800 Exception <a 'java/lang/NoSuchMethodError'{0x0000000087b13bc8}: <clinit>> (0x0000000087b13bc8) thrown at [./src/hotspot/share/prims/jni.cpp, line 1362]
Event: 41.213 Thread 0x000002262043c800 Exception <a 'java/lang/NoSuchMethodError'{0x0000000087b46ae8}: <clinit>> (0x0000000087b46ae8) thrown at [./src/hotspot/share/prims/jni.cpp, line 1362]
Event: 41.215 Thread 0x000002262043c800 Exception <a 'java/lang/NoSuchMethodError'{0x0000000087b5adc0}: <clinit>> (0x0000000087b5adc0) thrown at [./src/hotspot/share/prims/jni.cpp, line 1362]
Event: 41.216 Thread 0x000002262043c800 Exception <a 'java/lang/NoSuchMethodError'{0x0000000087b5c538}: <clinit>> (0x0000000087b5c538) thrown at [./src/hotspot/share/prims/jni.cpp, line 1362]
Event: 41.257 Thread 0x0000022624156800 Exception <a 'java/lang/NoSuchMethodError'{0x00000000879eac30}: <clinit>> (0x00000000879eac30) thrown at [./src/hotspot/share/prims/jni.cpp, line 1362]
Event: 41.261 Thread 0x0000022624156800 Exception <a 'java/lang/NoSuchMethodError'{0x000000008780c8d0}: <clinit>> (0x000000008780c8d0) thrown at [./src/hotspot/share/prims/jni.cpp, line 1362]
Event: 41.264 Thread 0x0000022624156800 Exception <a 'java/lang/NoSuchMethodError'{0x0000000087825b58}: <clinit>> (0x0000000087825b58) thrown at [./src/hotspot/share/prims/jni.cpp, line 1362]
Event: 41.365 Thread 0x000002262043c800 Exception <a 'java/lang/NoSuchMethodError'{0x00000000876b00a0}: <clinit>> (0x00000000876b00a0) thrown at [./src/hotspot/share/prims/jni.cpp, line 1362]
Event: 41.422 Thread 0x00000226214bf800 Exception <a 'java/lang/NoSuchMethodError'{0x0000000087677a08}: 'java.lang.Object java.lang.invoke.Invokers$Holder.linkToTargetMethod(java.lang.Object, java.lang.Object, java.lang.Object, int, java.lang.Object, java.lang.Object)'> (0x0000000087677a08) thrown at [./src/hotspot/share/interpreter/linkResolver.cpp, line 773]

Events (20 events):
Event: 42.429 loading class org/gradle/api/internal/artifacts/transform/TransformException done
Event: 42.432 loading class org/gradle/api/internal/artifacts/ivyservice/resolveengine/artifact/EndCollection
Event: 42.432 Executing VM operation: RevokeBias
Event: 42.432 loading class org/gradle/api/internal/artifacts/ivyservice/resolveengine/artifact/EndCollection done
Event: 42.433 Executing VM operation: RevokeBias done
Event: 42.434 loading class org/gradle/api/internal/artifacts/transform/TransformationSubject
Event: 42.434 loading class org/gradle/api/internal/artifacts/transform/TransformationSubject done
Event: 42.435 loading class org/gradle/api/internal/artifacts/transform/TransformationSubject$InitialArtifactTransformationSubject
Event: 42.435 loading class org/gradle/api/internal/artifacts/transform/TransformationSubject$InitialArtifactTransformationSubject done
Event: 42.435 loading class org/gradle/api/internal/artifacts/transform/TransformationSubject$SubsequentTransformationSubject
Event: 42.435 loading class org/gradle/api/internal/artifacts/transform/TransformationSubject$SubsequentTransformationSubject done
Event: 42.436 loading class org/gradle/api/internal/artifacts/transform/TransformationSubject
Event: 42.436 loading class org/gradle/api/internal/artifacts/transform/TransformationSubject done
Event: 42.436 loading class org/gradle/api/internal/artifacts/transform/CacheableInvocation
Event: 42.436 loading class org/gradle/api/internal/artifacts/transform/CacheableInvocation done
Event: 42.437 loading class org/gradle/api/internal/artifacts/transform/ArtifactTransformDependencies
Event: 42.437 loading class org/gradle/api/internal/artifacts/transform/ArtifactTransformDependencies done
Event: 42.437 loading class org/gradle/api/internal/artifacts/transform/TransformationStep
Event: 42.437 loading class org/gradle/api/internal/artifacts/transform/TransformationStep done
Event: 42.438 Executing VM operation: RevokeBias


Dynamic libraries:
0x00007ff76b640000 - 0x00007ff76b64a000 	D:\AndroidSetupFiles\jre\bin\java.exe
0x00007ffb3a470000 - 0x00007ffb3a665000 	C:\WINDOWS\SYSTEM32\ntdll.dll
0x00007ffb38800000 - 0x00007ffb388be000 	C:\WINDOWS\System32\KERNEL32.DLL
0x00007ffb38040000 - 0x00007ffb38309000 	C:\WINDOWS\System32\KERNELBASE.dll
0x00007ffb383c0000 - 0x00007ffb384c0000 	C:\WINDOWS\System32\ucrtbase.dll
0x00007ffb1adb0000 - 0x00007ffb1adc7000 	D:\AndroidSetupFiles\jre\bin\VCRUNTIME140.dll
0x00007ffb1add0000 - 0x00007ffb1ade9000 	D:\AndroidSetupFiles\jre\bin\jli.dll
0x00007ffb39f90000 - 0x00007ffb3a131000 	C:\WINDOWS\System32\USER32.dll
0x00007ffb38010000 - 0x00007ffb38032000 	C:\WINDOWS\System32\win32u.dll
0x00007ffb23420000 - 0x00007ffb236ba000 	C:\WINDOWS\WinSxS\amd64_microsoft.windows.common-controls_6595b64144ccf1df_6.0.19041.1110_none_60b5254171f9507e\COMCTL32.dll
0x00007ffb39ec0000 - 0x00007ffb39f5e000 	C:\WINDOWS\System32\msvcrt.dll
0x00007ffb39f60000 - 0x00007ffb39f8b000 	C:\WINDOWS\System32\GDI32.dll
0x00007ffb37e00000 - 0x00007ffb37f0b000 	C:\WINDOWS\System32\gdi32full.dll
0x00007ffb37f10000 - 0x00007ffb37fad000 	C:\WINDOWS\System32\msvcp_win.dll
0x00007ffb38d80000 - 0x00007ffb38db0000 	C:\WINDOWS\System32\IMM32.DLL
0x00007ffafb130000 - 0x00007ffafb1cd000 	D:\AndroidSetupFiles\jre\bin\msvcp140.dll
0x00007ffafc8d0000 - 0x00007ffafd39f000 	D:\AndroidSetupFiles\jre\bin\server\jvm.dll
0x00007ffb39b40000 - 0x00007ffb39bec000 	C:\WINDOWS\System32\ADVAPI32.dll
0x00007ffb388c0000 - 0x00007ffb3895b000 	C:\WINDOWS\System32\sechost.dll
0x00007ffb38640000 - 0x00007ffb3876a000 	C:\WINDOWS\System32\RPCRT4.dll
0x00007ffb39b00000 - 0x00007ffb39b08000 	C:\WINDOWS\System32\PSAPI.DLL
0x00007ffb33aa0000 - 0x00007ffb33aa9000 	C:\WINDOWS\SYSTEM32\WSOCK32.dll
0x00007ffb39da0000 - 0x00007ffb39e0b000 	C:\WINDOWS\System32\WS2_32.dll
0x00007ffb29e60000 - 0x00007ffb29e87000 	C:\WINDOWS\SYSTEM32\WINMM.dll
0x00007ffb2b270000 - 0x00007ffb2b27a000 	C:\WINDOWS\SYSTEM32\VERSION.dll
0x00007ffb359b0000 - 0x00007ffb359c2000 	C:\WINDOWS\SYSTEM32\kernel.appcore.dll
0x00007ffb32d40000 - 0x00007ffb32d51000 	D:\AndroidSetupFiles\jre\bin\verify.dll
0x00007ffb31e10000 - 0x00007ffb31ff4000 	C:\WINDOWS\SYSTEM32\DBGHELP.DLL
0x00007ffb29830000 - 0x00007ffb2985c000 	C:\WINDOWS\SYSTEM32\dbgcore.DLL
0x00007ffb37d40000 - 0x00007ffb37dc3000 	C:\WINDOWS\System32\bcryptPrimitives.dll
0x00007ffb328d0000 - 0x00007ffb328f9000 	D:\AndroidSetupFiles\jre\bin\java.dll
0x00007ffb32cf0000 - 0x00007ffb32cfb000 	D:\AndroidSetupFiles\jre\bin\jimage.dll
0x00007ffb32030000 - 0x00007ffb32048000 	D:\AndroidSetupFiles\jre\bin\zip.dll
0x00007ffb393c0000 - 0x00007ffb39aff000 	C:\WINDOWS\System32\SHELL32.dll
0x00007ffb35c90000 - 0x00007ffb36420000 	C:\WINDOWS\SYSTEM32\windows.storage.dll
0x00007ffb389c0000 - 0x00007ffb38d15000 	C:\WINDOWS\System32\combase.dll
0x00007ffb375e0000 - 0x00007ffb3760c000 	C:\WINDOWS\SYSTEM32\Wldp.dll
0x00007ffb39e10000 - 0x00007ffb39ebd000 	C:\WINDOWS\System32\SHCORE.dll
0x00007ffb38db0000 - 0x00007ffb38e05000 	C:\WINDOWS\System32\shlwapi.dll
0x00007ffb37ad0000 - 0x00007ffb37aef000 	C:\WINDOWS\SYSTEM32\profapi.dll
0x00007ffb317c0000 - 0x00007ffb317da000 	D:\AndroidSetupFiles\jre\bin\net.dll
0x00007ffb2a9a0000 - 0x00007ffb2aaa8000 	C:\WINDOWS\SYSTEM32\WINHTTP.dll
0x00007ffb37340000 - 0x00007ffb373aa000 	C:\WINDOWS\system32\mswsock.dll
0x00007ffb30800000 - 0x00007ffb30814000 	D:\AndroidSetupFiles\jre\bin\nio.dll
0x00007ffb32fb0000 - 0x00007ffb32fd7000 	C:\Users\Orchid\.gradle\native\8bec1ad78214c89d9ad589b4d07fe93259594b29d510b10fafb7a158f7737e5d\windows-amd64\native-platform.dll
0x00007ffb0ab30000 - 0x00007ffb0ac6d000 	C:\Users\Orchid\.gradle\native\53dbd7edfb1c66fb8903c78663c9afc45aea4f116125fa6feffd364cf09443e8\windows-amd64\native-platform-file-events.dll
0x00007ffb32840000 - 0x00007ffb3284a000 	D:\AndroidSetupFiles\jre\bin\management.dll
0x00007ffb327e0000 - 0x00007ffb327ec000 	D:\AndroidSetupFiles\jre\bin\management_ext.dll
0x00007ffb37540000 - 0x00007ffb37558000 	C:\WINDOWS\SYSTEM32\CRYPTSP.dll
0x00007ffb36c50000 - 0x00007ffb36c84000 	C:\WINDOWS\system32\rsaenh.dll
0x00007ffb37dd0000 - 0x00007ffb37df7000 	C:\WINDOWS\System32\bcrypt.dll
0x00007ffb37a90000 - 0x00007ffb37abe000 	C:\WINDOWS\SYSTEM32\USERENV.dll
0x00007ffb37530000 - 0x00007ffb3753c000 	C:\WINDOWS\SYSTEM32\CRYPTBASE.dll
0x00007ffb36fe0000 - 0x00007ffb3701b000 	C:\WINDOWS\SYSTEM32\IPHLPAPI.DLL
0x00007ffb38770000 - 0x00007ffb38778000 	C:\WINDOWS\System32\NSI.dll
0x00007ffb2e7f0000 - 0x00007ffb2e807000 	C:\WINDOWS\SYSTEM32\dhcpcsvc6.DLL
0x00007ffb2fb90000 - 0x00007ffb2fbad000 	C:\WINDOWS\SYSTEM32\dhcpcsvc.DLL
0x00007ffb37030000 - 0x00007ffb370fc000 	C:\WINDOWS\SYSTEM32\DNSAPI.dll

dbghelp: loaded successfully - version: 4.0.5 - missing functions: none
symbol engine: initialized successfully - sym options: 0x614 - pdb path: .;D:\AndroidSetupFiles\jre\bin;C:\WINDOWS\SYSTEM32;C:\WINDOWS\WinSxS\amd64_microsoft.windows.common-controls_6595b64144ccf1df_6.0.19041.1110_none_60b5254171f9507e;D:\AndroidSetupFiles\jre\bin\server;C:\Users\Orchid\.gradle\native\8bec1ad78214c89d9ad589b4d07fe93259594b29d510b10fafb7a158f7737e5d\windows-amd64;C:\Users\Orchid\.gradle\native\53dbd7edfb1c66fb8903c78663c9afc45aea4f116125fa6feffd364cf09443e8\windows-amd64

VM Arguments:
jvm_args: --add-opens=java.base/java.util=ALL-UNNAMED --add-opens=java.base/java.lang=ALL-UNNAMED --add-opens=java.base/java.lang.invoke=ALL-UNNAMED --add-opens=java.base/java.util=ALL-UNNAMED --add-opens=java.prefs/java.util.prefs=ALL-UNNAMED --add-opens=java.prefs/java.util.prefs=ALL-UNNAMED --add-opens=java.base/java.nio.charset=ALL-UNNAMED --add-opens=java.base/java.net=ALL-UNNAMED --add-opens=java.base/java.util.concurrent.atomic=ALL-UNNAMED -Xmx2048m -Dfile.encoding=UTF-8 -Duser.country=US -Duser.language=en -Duser.variant 
java_command: org.gradle.launcher.daemon.bootstrap.GradleDaemon 7.0.2
java_class_path (initial): C:\Users\Orchid\.gradle\wrapper\dists\gradle-7.0.2-bin\857tjihv64xamwrf0h14cai3r\gradle-7.0.2\lib\gradle-launcher-7.0.2.jar
Launcher Type: SUN_STANDARD

[Global flags]
     intx CICompilerCount                          = 3                                         {product} {ergonomic}
     uint ConcGCThreads                            = 1                                         {product} {ergonomic}
     uint G1ConcRefinementThreads                  = 4                                         {product} {ergonomic}
   size_t G1HeapRegionSize                         = 1048576                                   {product} {ergonomic}
    uintx GCDrainStackTargetSize                   = 64                                        {product} {ergonomic}
   size_t InitialHeapSize                          = 134217728                                 {product} {ergonomic}
   size_t MarkStackSize                            = 4194304                                   {product} {ergonomic}
   size_t MaxHeapSize                              = 2147483648                                {product} {command line}
   size_t MaxNewSize                               = 1287651328                                {product} {ergonomic}
   size_t MinHeapDeltaBytes                        = 1048576                                   {product} {ergonomic}
    uintx NonNMethodCodeHeapSize                   = 5830732                                {pd product} {ergonomic}
    uintx NonProfiledCodeHeapSize                  = 122913754                              {pd product} {ergonomic}
    uintx ProfiledCodeHeapSize                     = 122913754                              {pd product} {ergonomic}
    uintx ReservedCodeCacheSize                    = 251658240                              {pd product} {ergonomic}
     bool SegmentedCodeCache                       = true                                      {product} {ergonomic}
     bool UseCompressedClassPointers               = true                                 {lp64_product} {ergonomic}
     bool UseCompressedOops                        = true                                 {lp64_product} {ergonomic}
     bool UseG1GC                                  = true                                      {product} {ergonomic}
     bool UseLargePagesIndividualAllocation        = false                                  {pd product} {ergonomic}

Logging:
Log output configuration:
 #0: stdout all=warning uptime,level,tags
 #1: stderr all=off uptime,level,tags

Environment Variables:
PATH=C:\WINDOWS\system32;C:\WINDOWS;C:\WINDOWS\System32\Wbem;C:\WINDOWS\System32\WindowsPowerShell\v1.0\;C:\WINDOWS\System32\OpenSSH\;C:\Program Files\Git\cmd;C:\flutter\bin;C:\Users\Orchid\AppData\Local\Microsoft\WindowsApps
USERNAME=Orchid
OS=Windows_NT
PROCESSOR_IDENTIFIER=Intel64 Family 6 Model 69 Stepping 1, GenuineIntel



---------------  S Y S T E M  ---------------

OS: Windows 10 , 64 bit Build 19041 (10.0.19041.1202)
OS uptime: 1 days 1:37 hours

CPU:total 4 (initial active 4) (2 cores per cpu, 2 threads per core) family 6 model 69 stepping 1 microcode 0x25, cmov, cx8, fxsr, mmx, sse, sse2, sse3, ssse3, sse4.1, sse4.2, popcnt, avx, avx2, aes, clmul, erms, lzcnt, ht, tsc, tscinvbit, bmi1, bmi2, fma

Memory: 4k page, system-wide physical 8089M (262M free)
TotalPageFile size 12226M (AvailPageFile size 0M)
current process WorkingSet (physical memory assigned to process): 329M, peak: 331M
current process commit charge ("private bytes"): 359M, peak: 360M

vm_info: OpenJDK 64-Bit Server VM (11.0.10+0-b96-7249189) for windows-amd64 JRE (11.0.10+0-b96-7249189), built on Mar 31 2021 21:44:00 by "builder" with MS VC++ 14.0 (VS2015)

END.
